<?xml version="1.0" encoding="UTF-8"?>
<!-- Generated by org.testng.reporters.JUnitReportReporter -->
<testsuite hostname="DESKTOP-8OU3F56" name="com.training.sanity.tests.SignUP" tests="1" failures="0" timestamp="3 Mar 2020 18:24:03 GMT" time="20.708" errors="0">
  <testcase name="SignUp" time="20.708" classname="com.training.sanity.tests.SignUP"/>
</testsuite> <!-- com.training.sanity.tests.SignUP -->
