<?xml version="1.0" encoding="UTF-8"?>
<!-- Generated by org.testng.reporters.JUnitReportReporter -->
<testsuite hostname="DESKTOP-8OU3F56" name="com.training.sanity.tests.LoginTests" tests="1" failures="0" timestamp="3 Mar 2020 18:16:02 GMT" time="20.452" errors="0">
  <testcase name="validLoginTest" time="20.452" classname="com.training.sanity.tests.LoginTests"/>
</testsuite> <!-- com.training.sanity.tests.LoginTests -->
