<?xml version="1.0" encoding="UTF-8"?>
<!-- Generated by org.testng.reporters.JUnitReportReporter -->
<testsuite hostname="DESKTOP-8OU3F56" name="com.training.sanity.tests.PasswordReset" tests="1" failures="0" timestamp="7 Mar 2020 10:18:03 GMT" time="19.695" errors="0">
  <testcase name="validLoginTest" time="19.695" classname="com.training.sanity.tests.PasswordReset"/>
</testsuite> <!-- com.training.sanity.tests.PasswordReset -->
